Command line:
   RandomAccessMemory_isim_beh.exe
     -simmode  gui
     -simrunnum  1
     -socket  54983

Wed Apr 15 15:14:11 2020


 Elaboration Time: 1.1875 sec

 Current Memory Usage: 5931.27 Meg

 Total Signals          : 6
 Total Nets             : 1048611
 Total Signal Drivers   : 2
 Total Blocks           : 4
 Total Primitive Blocks : 4
 Total Processes        : 1
 Total Traceable Variables  : 10
 Total Scalar Nets and Variables : 1048989
Total Line Count : 5

 Total Simulation Time: 1.46875 sec

 Current Memory Usage: 5931.27 Meg

Wed Apr 15 15:14:23 2020

