INFO:sim:172 - Generating IP...
Resolving generics for 'BlockRAM'...
Applying external generics to 'BlockRAM'...
Delivering associated files for 'BlockRAM'...
Delivering EJava files for 'BlockRAM'...
Generating implementation netlist for 'BlockRAM'...
INFO:sim - Pre-processing HDL files for 'BlockRAM'...
Running synthesis for 'BlockRAM'
Running ngcbuild...
Writing VEO instantiation template for 'BlockRAM'...
Writing Verilog behavioral simulation model for 'BlockRAM'...
WARNING:sim - Overwriting existing file
   C:/Users/japem/Documents/repos/VHDL/PLC/ipcore_dir/tmp/_cg/BlockRAM/doc/blk_m
   em_gen_v7_3_vinfo.html with file from view xilinx_documentation
Delivered 1 file into directory
C:/Users/japem/Documents/repos/VHDL/PLC/ipcore_dir/tmp/_cg/BlockRAM
Generating ASY schematic symbol...
INFO:sim:949 - Finished generation of ASY schematic symbol.
Generating SYM schematic symbol for 'BlockRAM'...
Generating metadata file...
Generating ISE project file for 'BlockRAM'...
Generating ISE project...
XCO file found: BlockRAM.xco
XMDF file found: BlockRAM_xmdf.tcl
Adding C:/Users/japem/Documents/repos/VHDL/PLC/ipcore_dir/tmp/_cg/BlockRAM.asy
-view all -origin_type imported
Adding C:/Users/japem/Documents/repos/VHDL/PLC/ipcore_dir/tmp/_cg/BlockRAM.ngc
-view all -origin_type created
Checking file
"C:/Users/japem/Documents/repos/VHDL/PLC/ipcore_dir/tmp/_cg/BlockRAM.ngc" for
project device match ...
File "C:/Users/japem/Documents/repos/VHDL/PLC/ipcore_dir/tmp/_cg/BlockRAM.ngc"
device information matches project device.
Adding C:/Users/japem/Documents/repos/VHDL/PLC/ipcore_dir/tmp/_cg/BlockRAM.sym
-view all -origin_type imported
Adding C:/Users/japem/Documents/repos/VHDL/PLC/ipcore_dir/tmp/_cg/BlockRAM.v
-view all -origin_type created
INFO:HDLCompiler:1845 - Analyzing Verilog file
   "C:/Users/japem/Documents/repos/VHDL/PLC/ipcore_dir/tmp/_cg/BlockRAM.v" into
   library work
INFO:ProjectMgmt - Parsing design hierarchy completed successfully.
Adding C:/Users/japem/Documents/repos/VHDL/PLC/ipcore_dir/tmp/_cg/BlockRAM.veo
-view all -origin_type imported
INFO:TclTasksC:2116 - The automatic calculation of top has been turned-off.
   Please set the new top explicitly by running the "project set top" command.
   To re-calculate the new top automatically, set the "Auto Implementation Top"
   property to true.
Top level has been set to "/BlockRAM"
Generating README file...
Generating FLIST file...
INFO:sim:948 - Finished FLIST file generation.
Launching README viewer...
Moving files to output directory...
Finished moving files to output directory
Wrote CGP file for project 'BlockRAM'.
